Running Multi-Seed Experiment: l1 on resnet18/tinyimagenet ratio=0.5 seeds=[0, 1, 2]
--- Seed 0 ---
Calculating scores using l1 (rho=0.5)...
Pruning threshold: 38.5947
Building new resnet18_tiny...
Epoch 1/40 | Train Loss: 4.6428 Acc: 5.89% | Test Loss: 4.1640 Acc: 10.98% | Best: 10.98%
Epoch 2/40 | Train Loss: 3.8592 Acc: 15.40% | Test Loss: 3.6701 Acc: 17.48% | Best: 17.48%
Epoch 3/40 | Train Loss: 3.4507 Acc: 21.73% | Test Loss: 3.5346 Acc: 20.76% | Best: 20.76%
Epoch 4/40 | Train Loss: 3.1805 Acc: 26.56% | Test Loss: 3.2855 Acc: 25.47% | Best: 25.47%
Epoch 5/40 | Train Loss: 2.9779 Acc: 30.44% | Test Loss: 3.1662 Acc: 27.28% | Best: 27.28%
Epoch 6/40 | Train Loss: 2.8110 Acc: 33.44% | Test Loss: 3.0412 Acc: 30.21% | Best: 30.21%
Epoch 7/40 | Train Loss: 2.6633 Acc: 36.46% | Test Loss: 2.7455 Acc: 35.42% | Best: 35.42%
Epoch 8/40 | Train Loss: 2.5373 Acc: 38.97% | Test Loss: 2.7908 Acc: 35.19% | Best: 35.42%
Epoch 9/40 | Train Loss: 2.4267 Acc: 41.27% | Test Loss: 2.6970 Acc: 37.03% | Best: 37.03%
Epoch 10/40 | Train Loss: 2.3266 Acc: 43.48% | Test Loss: 2.5826 Acc: 39.04% | Best: 39.04%
Epoch 11/40 | Train Loss: 2.2289 Acc: 45.42% | Test Loss: 2.5580 Acc: 39.85% | Best: 39.85%
Epoch 12/40 | Train Loss: 2.1403 Acc: 47.41% | Test Loss: 2.4065 Acc: 42.33% | Best: 42.33%
Epoch 13/40 | Train Loss: 2.0564 Acc: 49.17% | Test Loss: 2.3365 Acc: 43.43% | Best: 43.43%
Epoch 14/40 | Train Loss: 1.9831 Acc: 50.81% | Test Loss: 2.2979 Acc: 44.50% | Best: 44.50%
Epoch 15/40 | Train Loss: 1.9095 Acc: 52.29% | Test Loss: 2.2643 Acc: 45.69% | Best: 45.69%
Epoch 16/40 | Train Loss: 1.8395 Acc: 54.05% | Test Loss: 2.3220 Acc: 44.69% | Best: 45.69%
Epoch 17/40 | Train Loss: 1.7738 Acc: 55.31% | Test Loss: 2.1745 Acc: 47.08% | Best: 47.08%
Epoch 18/40 | Train Loss: 1.7073 Acc: 56.92% | Test Loss: 2.2393 Acc: 46.21% | Best: 47.08%
Epoch 19/40 | Train Loss: 1.6465 Acc: 58.15% | Test Loss: 2.2302 Acc: 47.29% | Best: 47.29%
Epoch 20/40 | Train Loss: 1.5920 Acc: 59.37% | Test Loss: 2.2009 Acc: 47.35% | Best: 47.35%
Epoch 21/40 | Train Loss: 1.2594 Acc: 68.50% | Test Loss: 1.7781 Acc: 56.27% | Best: 56.27%
Epoch 22/40 | Train Loss: 1.1723 Acc: 70.87% | Test Loss: 1.7646 Acc: 56.53% | Best: 56.53%
Epoch 23/40 | Train Loss: 1.1350 Acc: 71.84% | Test Loss: 1.7536 Acc: 57.35% | Best: 57.35%
Epoch 24/40 | Train Loss: 1.1065 Acc: 72.61% | Test Loss: 1.7561 Acc: 56.72% | Best: 57.35%
Epoch 25/40 | Train Loss: 1.0810 Acc: 73.13% | Test Loss: 1.7534 Acc: 56.57% | Best: 57.35%
Epoch 26/40 | Train Loss: 1.0572 Acc: 73.93% | Test Loss: 1.7533 Acc: 56.89% | Best: 57.35%
Epoch 27/40 | Train Loss: 1.0384 Acc: 74.25% | Test Loss: 1.7489 Acc: 57.10% | Best: 57.35%
Epoch 28/40 | Train Loss: 1.0133 Acc: 74.81% | Test Loss: 1.7525 Acc: 57.01% | Best: 57.35%
Epoch 29/40 | Train Loss: 0.9959 Acc: 75.30% | Test Loss: 1.7549 Acc: 57.19% | Best: 57.35%
Epoch 30/40 | Train Loss: 0.9755 Acc: 75.92% | Test Loss: 1.7617 Acc: 56.75% | Best: 57.35%
Epoch 31/40 | Train Loss: 0.9208 Acc: 77.56% | Test Loss: 1.7325 Acc: 57.37% | Best: 57.37%
Epoch 32/40 | Train Loss: 0.9110 Acc: 77.88% | Test Loss: 1.7343 Acc: 57.52% | Best: 57.52%
Epoch 33/40 | Train Loss: 0.9063 Acc: 78.03% | Test Loss: 1.7298 Acc: 57.53% | Best: 57.53%
Epoch 34/40 | Train Loss: 0.9034 Acc: 78.23% | Test Loss: 1.7302 Acc: 57.58% | Best: 57.58%
Epoch 35/40 | Train Loss: 0.9008 Acc: 78.17% | Test Loss: 1.7308 Acc: 57.35% | Best: 57.58%
Epoch 36/40 | Train Loss: 0.8974 Acc: 78.35% | Test Loss: 1.7328 Acc: 57.56% | Best: 57.58%
Epoch 37/40 | Train Loss: 0.8937 Acc: 78.40% | Test Loss: 1.7344 Acc: 57.77% | Best: 57.77%
Epoch 38/40 | Train Loss: 0.8916 Acc: 78.37% | Test Loss: 1.7327 Acc: 57.55% | Best: 57.77%
Epoch 39/40 | Train Loss: 0.8891 Acc: 78.58% | Test Loss: 1.7333 Acc: 57.53% | Best: 57.77%
Epoch 40/40 | Train Loss: 0.8870 Acc: 78.53% | Test Loss: 1.7328 Acc: 57.55% | Best: 57.77%
--- Seed 1 ---
Calculating scores using l1 (rho=0.5)...
Pruning threshold: 38.6349
Building new resnet18_tiny...
Epoch 1/40 | Train Loss: 4.5936 Acc: 6.48% | Test Loss: 4.1969 Acc: 10.58% | Best: 10.58%
Epoch 2/40 | Train Loss: 3.7833 Acc: 16.21% | Test Loss: 3.6806 Acc: 17.51% | Best: 17.51%
Epoch 3/40 | Train Loss: 3.3912 Acc: 22.66% | Test Loss: 3.5139 Acc: 21.40% | Best: 21.40%
Epoch 4/40 | Train Loss: 3.1149 Acc: 27.81% | Test Loss: 3.1663 Acc: 26.65% | Best: 26.65%
Epoch 5/40 | Train Loss: 2.9078 Acc: 31.64% | Test Loss: 3.0361 Acc: 29.39% | Best: 29.39%
Epoch 6/40 | Train Loss: 2.7373 Acc: 35.06% | Test Loss: 2.8236 Acc: 34.13% | Best: 34.13%
Epoch 7/40 | Train Loss: 2.5901 Acc: 38.02% | Test Loss: 2.7614 Acc: 35.52% | Best: 35.52%
Epoch 8/40 | Train Loss: 2.4664 Acc: 40.46% | Test Loss: 2.6941 Acc: 36.48% | Best: 36.48%
Epoch 9/40 | Train Loss: 2.3573 Acc: 42.71% | Test Loss: 2.5955 Acc: 38.07% | Best: 38.07%
Epoch 10/40 | Train Loss: 2.2549 Acc: 44.78% | Test Loss: 2.4814 Acc: 40.94% | Best: 40.94%
Epoch 11/40 | Train Loss: 2.1621 Acc: 46.95% | Test Loss: 2.5145 Acc: 40.43% | Best: 40.94%
Epoch 12/40 | Train Loss: 2.0751 Acc: 48.77% | Test Loss: 2.3551 Acc: 44.49% | Best: 44.49%
Epoch 13/40 | Train Loss: 1.9962 Acc: 50.48% | Test Loss: 2.3566 Acc: 43.96% | Best: 44.49%
Epoch 14/40 | Train Loss: 1.9231 Acc: 51.98% | Test Loss: 2.2471 Acc: 46.16% | Best: 46.16%
Epoch 15/40 | Train Loss: 1.8546 Acc: 53.45% | Test Loss: 2.2732 Acc: 45.78% | Best: 46.16%
Epoch 16/40 | Train Loss: 1.7870 Acc: 55.00% | Test Loss: 2.1915 Acc: 46.87% | Best: 46.87%
Epoch 17/40 | Train Loss: 1.7286 Acc: 56.36% | Test Loss: 2.1561 Acc: 47.92% | Best: 47.92%
Epoch 18/40 | Train Loss: 1.6616 Acc: 57.77% | Test Loss: 2.1324 Acc: 48.64% | Best: 48.64%
Epoch 19/40 | Train Loss: 1.6090 Acc: 59.10% | Test Loss: 2.1453 Acc: 48.95% | Best: 48.95%
Epoch 20/40 | Train Loss: 1.5528 Acc: 60.25% | Test Loss: 2.0797 Acc: 49.41% | Best: 49.41%
Epoch 21/40 | Train Loss: 1.2211 Acc: 69.23% | Test Loss: 1.7508 Acc: 57.10% | Best: 57.10%
Epoch 22/40 | Train Loss: 1.1341 Acc: 71.86% | Test Loss: 1.7447 Acc: 57.17% | Best: 57.17%
Epoch 23/40 | Train Loss: 1.0993 Acc: 72.76% | Test Loss: 1.7387 Acc: 57.08% | Best: 57.17%
Epoch 24/40 | Train Loss: 1.0711 Acc: 73.58% | Test Loss: 1.7402 Acc: 57.57% | Best: 57.57%
Epoch 25/40 | Train Loss: 1.0488 Acc: 73.99% | Test Loss: 1.7450 Acc: 57.14% | Best: 57.57%
Epoch 26/40 | Train Loss: 1.0237 Acc: 74.66% | Test Loss: 1.7363 Acc: 57.62% | Best: 57.62%
Epoch 27/40 | Train Loss: 1.0014 Acc: 75.20% | Test Loss: 1.7403 Acc: 57.43% | Best: 57.62%
Epoch 28/40 | Train Loss: 0.9835 Acc: 75.68% | Test Loss: 1.7423 Acc: 57.63% | Best: 57.63%
Epoch 29/40 | Train Loss: 0.9638 Acc: 76.18% | Test Loss: 1.7414 Acc: 57.67% | Best: 57.67%
Epoch 30/40 | Train Loss: 0.9415 Acc: 76.89% | Test Loss: 1.7471 Acc: 57.48% | Best: 57.67%
Epoch 31/40 | Train Loss: 0.8886 Acc: 78.47% | Test Loss: 1.7228 Acc: 58.11% | Best: 58.11%
Epoch 32/40 | Train Loss: 0.8805 Acc: 78.81% | Test Loss: 1.7221 Acc: 58.02% | Best: 58.11%
Epoch 33/40 | Train Loss: 0.8729 Acc: 78.90% | Test Loss: 1.7220 Acc: 58.16% | Best: 58.16%
Epoch 34/40 | Train Loss: 0.8704 Acc: 78.99% | Test Loss: 1.7219 Acc: 58.20% | Best: 58.20%
Epoch 35/40 | Train Loss: 0.8672 Acc: 79.11% | Test Loss: 1.7202 Acc: 58.27% | Best: 58.27%
Epoch 36/40 | Train Loss: 0.8641 Acc: 79.32% | Test Loss: 1.7230 Acc: 58.06% | Best: 58.27%
Epoch 37/40 | Train Loss: 0.8616 Acc: 79.24% | Test Loss: 1.7221 Acc: 58.16% | Best: 58.27%
Epoch 38/40 | Train Loss: 0.8611 Acc: 79.35% | Test Loss: 1.7228 Acc: 58.20% | Best: 58.27%
Epoch 39/40 | Train Loss: 0.8566 Acc: 79.49% | Test Loss: 1.7224 Acc: 58.13% | Best: 58.27%
Epoch 40/40 | Train Loss: 0.8552 Acc: 79.52% | Test Loss: 1.7242 Acc: 58.19% | Best: 58.27%
--- Seed 2 ---
Calculating scores using l1 (rho=0.5)...
Pruning threshold: 38.5973
Building new resnet18_tiny...
Epoch 1/40 | Train Loss: 4.6024 Acc: 6.72% | Test Loss: 4.3062 Acc: 9.75% | Best: 9.75%
Epoch 2/40 | Train Loss: 3.8184 Acc: 15.86% | Test Loss: 3.9645 Acc: 14.12% | Best: 14.12%
Epoch 3/40 | Train Loss: 3.4335 Acc: 22.19% | Test Loss: 3.5804 Acc: 20.48% | Best: 20.48%
Epoch 4/40 | Train Loss: 3.1715 Acc: 26.64% | Test Loss: 3.2346 Acc: 25.97% | Best: 25.97%
Epoch 5/40 | Train Loss: 2.9636 Acc: 30.68% | Test Loss: 3.0752 Acc: 28.90% | Best: 28.90%
Epoch 6/40 | Train Loss: 2.7927 Acc: 34.02% | Test Loss: 3.0528 Acc: 29.05% | Best: 29.05%
Epoch 7/40 | Train Loss: 2.6472 Acc: 36.89% | Test Loss: 3.0252 Acc: 30.59% | Best: 30.59%
Epoch 8/40 | Train Loss: 2.5234 Acc: 39.42% | Test Loss: 2.8328 Acc: 33.24% | Best: 33.24%
Epoch 9/40 | Train Loss: 2.4045 Acc: 42.03% | Test Loss: 2.6412 Acc: 37.62% | Best: 37.62%
Epoch 10/40 | Train Loss: 2.3024 Acc: 43.90% | Test Loss: 2.5865 Acc: 37.98% | Best: 37.98%
Epoch 11/40 | Train Loss: 2.2080 Acc: 45.91% | Test Loss: 2.6511 Acc: 37.67% | Best: 37.98%
Epoch 12/40 | Train Loss: 2.1190 Acc: 47.91% | Test Loss: 2.5659 Acc: 40.31% | Best: 40.31%
Epoch 13/40 | Train Loss: 2.0373 Acc: 49.59% | Test Loss: 2.4346 Acc: 41.77% | Best: 41.77%
Epoch 14/40 | Train Loss: 1.9636 Acc: 51.15% | Test Loss: 2.4176 Acc: 43.04% | Best: 43.04%
Epoch 15/40 | Train Loss: 1.8986 Acc: 52.56% | Test Loss: 2.2725 Acc: 45.36% | Best: 45.36%
Epoch 16/40 | Train Loss: 1.8247 Acc: 54.23% | Test Loss: 2.2721 Acc: 45.88% | Best: 45.88%
Epoch 17/40 | Train Loss: 1.7604 Acc: 55.70% | Test Loss: 2.1830 Acc: 47.67% | Best: 47.67%
Epoch 18/40 | Train Loss: 1.7020 Acc: 56.98% | Test Loss: 2.2290 Acc: 47.01% | Best: 47.67%
Epoch 19/40 | Train Loss: 1.6388 Acc: 58.49% | Test Loss: 2.1840 Acc: 47.84% | Best: 47.84%
Epoch 20/40 | Train Loss: 1.5872 Acc: 59.57% | Test Loss: 2.1230 Acc: 49.63% | Best: 49.63%
Epoch 21/40 | Train Loss: 1.2522 Acc: 68.77% | Test Loss: 1.7814 Acc: 56.45% | Best: 56.45%
Epoch 22/40 | Train Loss: 1.1672 Acc: 70.98% | Test Loss: 1.7721 Acc: 56.37% | Best: 56.45%
Epoch 23/40 | Train Loss: 1.1333 Acc: 71.81% | Test Loss: 1.7653 Acc: 56.79% | Best: 56.79%
Epoch 24/40 | Train Loss: 1.1054 Acc: 72.59% | Test Loss: 1.7558 Acc: 56.75% | Best: 56.79%
Epoch 25/40 | Train Loss: 1.0801 Acc: 73.35% | Test Loss: 1.7595 Acc: 56.75% | Best: 56.79%
Epoch 26/40 | Train Loss: 1.0579 Acc: 73.86% | Test Loss: 1.7556 Acc: 56.59% | Best: 56.79%
Epoch 27/40 | Train Loss: 1.0369 Acc: 74.33% | Test Loss: 1.7653 Acc: 56.60% | Best: 56.79%
Epoch 28/40 | Train Loss: 1.0165 Acc: 74.87% | Test Loss: 1.7666 Acc: 56.77% | Best: 56.79%
Epoch 29/40 | Train Loss: 0.9966 Acc: 75.55% | Test Loss: 1.7634 Acc: 56.92% | Best: 56.92%
Epoch 30/40 | Train Loss: 0.9751 Acc: 75.88% | Test Loss: 1.7659 Acc: 56.64% | Best: 56.92%
Epoch 31/40 | Train Loss: 0.9234 Acc: 77.59% | Test Loss: 1.7476 Acc: 56.97% | Best: 56.97%
Epoch 32/40 | Train Loss: 0.9127 Acc: 78.00% | Test Loss: 1.7432 Acc: 57.03% | Best: 57.03%
Epoch 33/40 | Train Loss: 0.9089 Acc: 78.04% | Test Loss: 1.7431 Acc: 57.14% | Best: 57.14%
Epoch 34/40 | Train Loss: 0.9044 Acc: 78.19% | Test Loss: 1.7426 Acc: 57.13% | Best: 57.14%
Epoch 35/40 | Train Loss: 0.9036 Acc: 78.30% | Test Loss: 1.7415 Acc: 57.27% | Best: 57.27%
Epoch 36/40 | Train Loss: 0.8975 Acc: 78.51% | Test Loss: 1.7429 Acc: 57.23% | Best: 57.27%
Epoch 37/40 | Train Loss: 0.8956 Acc: 78.49% | Test Loss: 1.7382 Acc: 57.07% | Best: 57.27%
Epoch 38/40 | Train Loss: 0.8917 Acc: 78.61% | Test Loss: 1.7441 Acc: 57.09% | Best: 57.27%
Epoch 39/40 | Train Loss: 0.8905 Acc: 78.64% | Test Loss: 1.7458 Acc: 57.08% | Best: 57.27%
Epoch 40/40 | Train Loss: 0.8878 Acc: 78.57% | Test Loss: 1.7436 Acc: 57.04% | Best: 57.27%
Final Result: 57.77 +/- 0.41
