Running Multi-Seed Experiment: gra on resnet20/cifar10 ratio=0.5 seeds=[0]
--- Seed 0 ---
Calculating scores using gra (rho=0.5)...
Pruning threshold: 0.6323
Building new resnet20...
Epoch 1/40 | Train Loss: 1.7096 Acc: 35.11% | Test Loss: 1.4857 Acc: 43.31% | Best: 43.31%
Epoch 2/40 | Train Loss: 1.3277 Acc: 51.16% | Test Loss: 1.4216 Acc: 51.26% | Best: 51.26%
Epoch 3/40 | Train Loss: 1.1359 Acc: 58.72% | Test Loss: 1.1774 Acc: 58.19% | Best: 58.19%
Epoch 4/40 | Train Loss: 1.0220 Acc: 63.00% | Test Loss: 1.0654 Acc: 62.55% | Best: 62.55%
Epoch 5/40 | Train Loss: 0.9340 Acc: 66.43% | Test Loss: 1.0313 Acc: 63.81% | Best: 63.81%
Epoch 6/40 | Train Loss: 0.8637 Acc: 69.21% | Test Loss: 0.8844 Acc: 69.35% | Best: 69.35%
Epoch 7/40 | Train Loss: 0.7992 Acc: 71.82% | Test Loss: 0.9073 Acc: 68.29% | Best: 69.35%
Epoch 8/40 | Train Loss: 0.7445 Acc: 73.55% | Test Loss: 0.7861 Acc: 72.68% | Best: 72.68%
Epoch 9/40 | Train Loss: 0.7093 Acc: 75.10% | Test Loss: 0.8098 Acc: 72.65% | Best: 72.68%
Epoch 10/40 | Train Loss: 0.6731 Acc: 76.47% | Test Loss: 0.7582 Acc: 73.94% | Best: 73.94%
Epoch 11/40 | Train Loss: 0.6379 Acc: 77.67% | Test Loss: 0.7349 Acc: 74.60% | Best: 74.60%
Epoch 12/40 | Train Loss: 0.6156 Acc: 78.58% | Test Loss: 0.7552 Acc: 74.58% | Best: 74.60%
Epoch 13/40 | Train Loss: 0.5941 Acc: 79.13% | Test Loss: 0.6544 Acc: 77.56% | Best: 77.56%
Epoch 14/40 | Train Loss: 0.5726 Acc: 79.97% | Test Loss: 0.6311 Acc: 78.72% | Best: 78.72%
Epoch 15/40 | Train Loss: 0.5559 Acc: 80.59% | Test Loss: 0.6342 Acc: 78.21% | Best: 78.72%
Epoch 16/40 | Train Loss: 0.5346 Acc: 81.54% | Test Loss: 0.7954 Acc: 74.11% | Best: 78.72%
Epoch 17/40 | Train Loss: 0.5207 Acc: 81.89% | Test Loss: 0.6604 Acc: 78.04% | Best: 78.72%
Epoch 18/40 | Train Loss: 0.5085 Acc: 82.27% | Test Loss: 0.6170 Acc: 79.37% | Best: 79.37%
Epoch 19/40 | Train Loss: 0.4984 Acc: 82.83% | Test Loss: 0.6688 Acc: 77.92% | Best: 79.37%
Epoch 20/40 | Train Loss: 0.4855 Acc: 83.19% | Test Loss: 0.5821 Acc: 80.55% | Best: 80.55%
Epoch 21/40 | Train Loss: 0.4192 Acc: 85.58% | Test Loss: 0.4571 Acc: 84.49% | Best: 84.49%
Epoch 22/40 | Train Loss: 0.3992 Acc: 86.29% | Test Loss: 0.4571 Acc: 84.43% | Best: 84.49%
Epoch 23/40 | Train Loss: 0.3890 Acc: 86.62% | Test Loss: 0.4522 Acc: 84.59% | Best: 84.59%
Epoch 24/40 | Train Loss: 0.3845 Acc: 86.73% | Test Loss: 0.4513 Acc: 84.73% | Best: 84.73%
Epoch 25/40 | Train Loss: 0.3831 Acc: 86.76% | Test Loss: 0.4508 Acc: 84.77% | Best: 84.77%
Epoch 26/40 | Train Loss: 0.3752 Acc: 87.08% | Test Loss: 0.4494 Acc: 85.02% | Best: 85.02%
Epoch 27/40 | Train Loss: 0.3736 Acc: 87.14% | Test Loss: 0.4493 Acc: 85.00% | Best: 85.02%
Epoch 28/40 | Train Loss: 0.3716 Acc: 87.24% | Test Loss: 0.4545 Acc: 84.57% | Best: 85.02%
Epoch 29/40 | Train Loss: 0.3711 Acc: 87.02% | Test Loss: 0.4462 Acc: 84.95% | Best: 85.02%
Epoch 30/40 | Train Loss: 0.3622 Acc: 87.52% | Test Loss: 0.4403 Acc: 85.13% | Best: 85.13%
Epoch 31/40 | Train Loss: 0.3568 Acc: 87.68% | Test Loss: 0.4367 Acc: 85.24% | Best: 85.24%
Epoch 32/40 | Train Loss: 0.3540 Acc: 87.94% | Test Loss: 0.4380 Acc: 85.26% | Best: 85.26%
Epoch 33/40 | Train Loss: 0.3527 Acc: 87.83% | Test Loss: 0.4362 Acc: 85.35% | Best: 85.35%
Epoch 34/40 | Train Loss: 0.3491 Acc: 88.10% | Test Loss: 0.4366 Acc: 85.11% | Best: 85.35%
Epoch 35/40 | Train Loss: 0.3528 Acc: 87.82% | Test Loss: 0.4378 Acc: 85.16% | Best: 85.35%
Epoch 36/40 | Train Loss: 0.3524 Acc: 87.95% | Test Loss: 0.4386 Acc: 85.26% | Best: 85.35%
Epoch 37/40 | Train Loss: 0.3511 Acc: 87.77% | Test Loss: 0.4361 Acc: 85.27% | Best: 85.35%
Epoch 38/40 | Train Loss: 0.3515 Acc: 87.86% | Test Loss: 0.4365 Acc: 85.21% | Best: 85.35%
Epoch 39/40 | Train Loss: 0.3479 Acc: 88.01% | Test Loss: 0.4377 Acc: 85.05% | Best: 85.35%
Epoch 40/40 | Train Loss: 0.3497 Acc: 88.03% | Test Loss: 0.4363 Acc: 85.16% | Best: 85.35%
Final Result: 85.35 +/- 0.00
