Running Multi-Seed Experiment: l1 on vgg16/cifar10 ratio=0.3 seeds=[0, 1, 2]
--- Seed 0 ---
Calculating scores using l1 (rho=0.5)...
Pruning threshold: 24.0780
Building new vgg16...
Epoch 1/40 | Train Loss: 2.1391 Acc: 22.42% | Test Loss: 2.1599 Acc: 21.87% | Best: 21.87%
Epoch 2/40 | Train Loss: 1.8914 Acc: 29.69% | Test Loss: 1.8638 Acc: 29.83% | Best: 29.83%
Epoch 3/40 | Train Loss: 1.7744 Acc: 34.63% | Test Loss: 1.7059 Acc: 38.16% | Best: 38.16%
Epoch 4/40 | Train Loss: 1.6819 Acc: 38.82% | Test Loss: 1.6925 Acc: 38.11% | Best: 38.16%
Epoch 5/40 | Train Loss: 1.5956 Acc: 42.38% | Test Loss: 1.5750 Acc: 43.47% | Best: 43.47%
Epoch 6/40 | Train Loss: 1.5329 Acc: 44.82% | Test Loss: 1.4459 Acc: 48.29% | Best: 48.29%
Epoch 7/40 | Train Loss: 1.4923 Acc: 46.28% | Test Loss: 1.4952 Acc: 46.88% | Best: 48.29%
Epoch 8/40 | Train Loss: 1.4540 Acc: 47.96% | Test Loss: 1.4108 Acc: 49.55% | Best: 49.55%
Epoch 9/40 | Train Loss: 1.4238 Acc: 49.27% | Test Loss: 1.3770 Acc: 50.93% | Best: 50.93%
Epoch 10/40 | Train Loss: 1.3953 Acc: 50.38% | Test Loss: 1.3665 Acc: 50.76% | Best: 50.93%
Epoch 11/40 | Train Loss: 1.3725 Acc: 51.08% | Test Loss: 1.3320 Acc: 52.90% | Best: 52.90%
Epoch 12/40 | Train Loss: 1.3532 Acc: 51.90% | Test Loss: 1.2900 Acc: 54.15% | Best: 54.15%
Epoch 13/40 | Train Loss: 1.3369 Acc: 52.33% | Test Loss: 1.3144 Acc: 53.44% | Best: 54.15%
Epoch 14/40 | Train Loss: 1.3238 Acc: 53.17% | Test Loss: 1.3989 Acc: 49.55% | Best: 54.15%
Epoch 15/40 | Train Loss: 1.3067 Acc: 53.54% | Test Loss: 1.2702 Acc: 55.19% | Best: 55.19%
Epoch 16/40 | Train Loss: 1.2940 Acc: 54.21% | Test Loss: 1.2524 Acc: 55.23% | Best: 55.23%
Epoch 17/40 | Train Loss: 1.2814 Acc: 54.38% | Test Loss: 1.2744 Acc: 55.08% | Best: 55.23%
Epoch 18/40 | Train Loss: 1.2691 Acc: 55.03% | Test Loss: 1.2318 Acc: 56.36% | Best: 56.36%
Epoch 19/40 | Train Loss: 1.2572 Acc: 55.52% | Test Loss: 1.2258 Acc: 56.23% | Best: 56.36%
Epoch 20/40 | Train Loss: 1.2440 Acc: 55.97% | Test Loss: 1.2795 Acc: 55.08% | Best: 56.36%
Epoch 21/40 | Train Loss: 1.1629 Acc: 58.93% | Test Loss: 1.1445 Acc: 59.17% | Best: 59.17%
Epoch 22/40 | Train Loss: 1.1436 Acc: 59.68% | Test Loss: 1.1454 Acc: 59.20% | Best: 59.20%
Epoch 23/40 | Train Loss: 1.1305 Acc: 60.09% | Test Loss: 1.1367 Acc: 59.37% | Best: 59.37%
Epoch 24/40 | Train Loss: 1.1189 Acc: 60.60% | Test Loss: 1.1358 Acc: 59.13% | Best: 59.37%
Epoch 25/40 | Train Loss: 1.1118 Acc: 60.80% | Test Loss: 1.1319 Acc: 59.58% | Best: 59.58%
Epoch 26/40 | Train Loss: 1.1084 Acc: 60.87% | Test Loss: 1.1337 Acc: 59.73% | Best: 59.73%
Epoch 27/40 | Train Loss: 1.1040 Acc: 61.10% | Test Loss: 1.1330 Acc: 59.75% | Best: 59.75%
Epoch 28/40 | Train Loss: 1.0959 Acc: 61.11% | Test Loss: 1.1306 Acc: 59.80% | Best: 59.80%
Epoch 29/40 | Train Loss: 1.0877 Acc: 61.51% | Test Loss: 1.1402 Acc: 59.67% | Best: 59.80%
Epoch 30/40 | Train Loss: 1.0820 Acc: 61.65% | Test Loss: 1.1294 Acc: 59.75% | Best: 59.80%
Epoch 31/40 | Train Loss: 1.0714 Acc: 62.29% | Test Loss: 1.1234 Acc: 60.30% | Best: 60.30%
Epoch 32/40 | Train Loss: 1.0696 Acc: 62.45% | Test Loss: 1.1219 Acc: 60.23% | Best: 60.30%
Epoch 33/40 | Train Loss: 1.0682 Acc: 62.34% | Test Loss: 1.1188 Acc: 60.23% | Best: 60.30%
Epoch 34/40 | Train Loss: 1.0632 Acc: 62.50% | Test Loss: 1.1188 Acc: 60.22% | Best: 60.30%
Epoch 35/40 | Train Loss: 1.0622 Acc: 62.30% | Test Loss: 1.1191 Acc: 60.33% | Best: 60.33%
