Running Multi-Seed Experiment: fpgm on vgg16/cifar10 ratio=0.3 seeds=[0, 1, 2]
--- Seed 0 ---
Calculating scores using fpgm (rho=0.5)...
Pruning threshold: 414.6484
Building new vgg16...
Epoch 1/40 | Train Loss: 2.3438 Acc: 13.19% | Test Loss: 2.1521 Acc: 20.00% | Best: 20.00%
Epoch 2/40 | Train Loss: 2.0389 Acc: 23.58% | Test Loss: 1.9137 Acc: 29.69% | Best: 29.69%
Epoch 3/40 | Train Loss: 1.9263 Acc: 29.26% | Test Loss: 1.8542 Acc: 32.52% | Best: 32.52%
Epoch 4/40 | Train Loss: 1.8813 Acc: 31.25% | Test Loss: 1.8376 Acc: 32.69% | Best: 32.69%
Epoch 5/40 | Train Loss: 1.8500 Acc: 32.65% | Test Loss: 1.7791 Acc: 35.20% | Best: 35.20%
Epoch 6/40 | Train Loss: 1.8211 Acc: 33.98% | Test Loss: 1.8282 Acc: 34.42% | Best: 35.20%
Epoch 7/40 | Train Loss: 1.8050 Acc: 34.40% | Test Loss: 1.7440 Acc: 37.21% | Best: 37.21%
Epoch 8/40 | Train Loss: 1.7895 Acc: 35.25% | Test Loss: 1.7518 Acc: 37.29% | Best: 37.29%
Epoch 9/40 | Train Loss: 1.7795 Acc: 35.49% | Test Loss: 1.7764 Acc: 36.84% | Best: 37.29%
Epoch 10/40 | Train Loss: 1.7696 Acc: 36.09% | Test Loss: 1.7110 Acc: 38.41% | Best: 38.41%
Epoch 11/40 | Train Loss: 1.7627 Acc: 36.40% | Test Loss: 1.7500 Acc: 37.36% | Best: 38.41%
Epoch 12/40 | Train Loss: 1.7529 Acc: 36.41% | Test Loss: 1.7156 Acc: 38.40% | Best: 38.41%
Epoch 13/40 | Train Loss: 1.7457 Acc: 36.68% | Test Loss: 1.7071 Acc: 39.09% | Best: 39.09%
Epoch 14/40 | Train Loss: 1.7384 Acc: 37.31% | Test Loss: 1.6780 Acc: 39.30% | Best: 39.30%
Epoch 15/40 | Train Loss: 1.7343 Acc: 37.40% | Test Loss: 1.6922 Acc: 39.79% | Best: 39.79%
Epoch 16/40 | Train Loss: 1.7307 Acc: 37.51% | Test Loss: 1.6790 Acc: 39.32% | Best: 39.79%
Epoch 17/40 | Train Loss: 1.7240 Acc: 37.77% | Test Loss: 1.6544 Acc: 40.91% | Best: 40.91%
Epoch 18/40 | Train Loss: 1.7241 Acc: 37.95% | Test Loss: 1.6703 Acc: 39.63% | Best: 40.91%
Epoch 19/40 | Train Loss: 1.7180 Acc: 38.21% | Test Loss: 1.7017 Acc: 39.71% | Best: 40.91%
Epoch 20/40 | Train Loss: 1.7146 Acc: 38.18% | Test Loss: 1.6731 Acc: 40.55% | Best: 40.91%
Epoch 21/40 | Train Loss: 1.6685 Acc: 39.95% | Test Loss: 1.6172 Acc: 42.63% | Best: 42.63%
Epoch 22/40 | Train Loss: 1.6550 Acc: 40.56% | Test Loss: 1.6087 Acc: 42.58% | Best: 42.63%
Epoch 23/40 | Train Loss: 1.6543 Acc: 40.46% | Test Loss: 1.6103 Acc: 42.50% | Best: 42.63%
Epoch 24/40 | Train Loss: 1.6476 Acc: 40.97% | Test Loss: 1.6017 Acc: 42.92% | Best: 42.92%
Epoch 25/40 | Train Loss: 1.6434 Acc: 40.83% | Test Loss: 1.5966 Acc: 43.55% | Best: 43.55%
Epoch 26/40 | Train Loss: 1.6454 Acc: 41.03% | Test Loss: 1.6046 Acc: 42.59% | Best: 43.55%
Epoch 27/40 | Train Loss: 1.6359 Acc: 41.33% | Test Loss: 1.5986 Acc: 42.96% | Best: 43.55%
Epoch 28/40 | Train Loss: 1.6384 Acc: 41.13% | Test Loss: 1.5921 Acc: 43.19% | Best: 43.55%
Epoch 29/40 | Train Loss: 1.6311 Acc: 41.58% | Test Loss: 1.6037 Acc: 42.71% | Best: 43.55%
Epoch 30/40 | Train Loss: 1.6340 Acc: 41.31% | Test Loss: 1.5886 Acc: 43.34% | Best: 43.55%
Epoch 31/40 | Train Loss: 1.6275 Acc: 41.54% | Test Loss: 1.5859 Acc: 43.24% | Best: 43.55%
Epoch 32/40 | Train Loss: 1.6231 Acc: 41.71% | Test Loss: 1.5855 Acc: 43.36% | Best: 43.55%
Epoch 33/40 | Train Loss: 1.6234 Acc: 41.66% | Test Loss: 1.5872 Acc: 43.25% | Best: 43.55%
Epoch 34/40 | Train Loss: 1.6225 Acc: 41.71% | Test Loss: 1.5884 Acc: 43.04% | Best: 43.55%
Epoch 35/40 | Train Loss: 1.6234 Acc: 41.72% | Test Loss: 1.5905 Acc: 43.22% | Best: 43.55%
Epoch 36/40 | Train Loss: 1.6185 Acc: 41.88% | Test Loss: 1.5911 Acc: 43.10% | Best: 43.55%
Epoch 37/40 | Train Loss: 1.6178 Acc: 42.05% | Test Loss: 1.5874 Acc: 43.29% | Best: 43.55%
Epoch 38/40 | Train Loss: 1.6221 Acc: 41.68% | Test Loss: 1.5898 Acc: 43.24% | Best: 43.55%
Epoch 39/40 | Train Loss: 1.6208 Acc: 41.95% | Test Loss: 1.5918 Acc: 43.06% | Best: 43.55%
Epoch 40/40 | Train Loss: 1.6225 Acc: 41.93% | Test Loss: 1.5918 Acc: 43.13% | Best: 43.55%
--- Seed 1 ---
Calculating scores using fpgm (rho=0.5)...
Pruning threshold: 414.5218
Building new vgg16...
Epoch 1/40 | Train Loss: 2.1552 Acc: 18.17% | Test Loss: 2.0117 Acc: 22.37% | Best: 22.37%
Epoch 2/40 | Train Loss: 1.9581 Acc: 26.33% | Test Loss: 1.9462 Acc: 26.78% | Best: 26.78%
Epoch 3/40 | Train Loss: 1.8993 Acc: 28.18% | Test Loss: 1.8626 Acc: 29.76% | Best: 29.76%
Epoch 4/40 | Train Loss: 1.8654 Acc: 30.09% | Test Loss: 1.9441 Acc: 29.14% | Best: 29.76%
Epoch 5/40 | Train Loss: 1.8399 Acc: 31.39% | Test Loss: 1.7972 Acc: 33.54% | Best: 33.54%
Epoch 6/40 | Train Loss: 1.8210 Acc: 32.72% | Test Loss: 1.8154 Acc: 32.76% | Best: 33.54%
Epoch 7/40 | Train Loss: 1.8136 Acc: 32.80% | Test Loss: 1.7895 Acc: 33.52% | Best: 33.54%
Epoch 8/40 | Train Loss: 1.7989 Acc: 33.63% | Test Loss: 1.7677 Acc: 34.83% | Best: 34.83%
Epoch 9/40 | Train Loss: 1.7946 Acc: 33.73% | Test Loss: 1.7789 Acc: 34.09% | Best: 34.83%
Epoch 10/40 | Train Loss: 1.7863 Acc: 33.91% | Test Loss: 1.7692 Acc: 34.74% | Best: 34.83%
Epoch 11/40 | Train Loss: 1.7784 Acc: 34.45% | Test Loss: 1.8020 Acc: 34.15% | Best: 34.83%
Epoch 12/40 | Train Loss: 1.7724 Acc: 34.90% | Test Loss: 1.7816 Acc: 34.88% | Best: 34.88%
Epoch 13/40 | Train Loss: 1.7709 Acc: 34.79% | Test Loss: 1.7342 Acc: 36.14% | Best: 36.14%
Epoch 14/40 | Train Loss: 1.7626 Acc: 35.46% | Test Loss: 1.7565 Acc: 34.92% | Best: 36.14%
Epoch 15/40 | Train Loss: 1.7589 Acc: 35.10% | Test Loss: 1.7670 Acc: 34.86% | Best: 36.14%
Epoch 16/40 | Train Loss: 1.7560 Acc: 35.47% | Test Loss: 1.8306 Acc: 34.35% | Best: 36.14%
Epoch 17/40 | Train Loss: 1.7509 Acc: 35.59% | Test Loss: 1.7555 Acc: 35.71% | Best: 36.14%
Epoch 18/40 | Train Loss: 1.7454 Acc: 35.77% | Test Loss: 1.7292 Acc: 36.49% | Best: 36.49%
Epoch 19/40 | Train Loss: 1.7399 Acc: 36.14% | Test Loss: 1.8724 Acc: 32.33% | Best: 36.49%
Epoch 20/40 | Train Loss: 1.7404 Acc: 35.99% | Test Loss: 1.7892 Acc: 34.85% | Best: 36.49%
Epoch 21/40 | Train Loss: 1.7052 Acc: 37.54% | Test Loss: 1.6740 Acc: 39.00% | Best: 39.00%
Epoch 22/40 | Train Loss: 1.7011 Acc: 37.65% | Test Loss: 1.6754 Acc: 38.74% | Best: 39.00%
Epoch 23/40 | Train Loss: 1.6936 Acc: 37.94% | Test Loss: 1.6708 Acc: 38.89% | Best: 39.00%
Epoch 24/40 | Train Loss: 1.6906 Acc: 38.12% | Test Loss: 1.6670 Acc: 39.32% | Best: 39.32%
Epoch 25/40 | Train Loss: 1.6853 Acc: 38.29% | Test Loss: 1.6702 Acc: 38.63% | Best: 39.32%
Epoch 26/40 | Train Loss: 1.6865 Acc: 38.17% | Test Loss: 1.6698 Acc: 38.70% | Best: 39.32%
Epoch 27/40 | Train Loss: 1.6859 Acc: 38.31% | Test Loss: 1.6668 Acc: 38.57% | Best: 39.32%
Epoch 28/40 | Train Loss: 1.6823 Acc: 38.58% | Test Loss: 1.6600 Acc: 39.37% | Best: 39.37%
Epoch 29/40 | Train Loss: 1.6847 Acc: 38.53% | Test Loss: 1.6668 Acc: 39.14% | Best: 39.37%
Epoch 30/40 | Train Loss: 1.6797 Acc: 38.92% | Test Loss: 1.6669 Acc: 38.87% | Best: 39.37%
Epoch 31/40 | Train Loss: 1.6801 Acc: 38.96% | Test Loss: 1.6689 Acc: 39.26% | Best: 39.37%
Epoch 32/40 | Train Loss: 1.6735 Acc: 38.94% | Test Loss: 1.6576 Acc: 39.41% | Best: 39.41%
Epoch 33/40 | Train Loss: 1.6758 Acc: 38.58% | Test Loss: 1.6597 Acc: 39.49% | Best: 39.49%
Epoch 34/40 | Train Loss: 1.6708 Acc: 38.70% | Test Loss: 1.6574 Acc: 39.59% | Best: 39.59%
Epoch 35/40 | Train Loss: 1.6719 Acc: 38.86% | Test Loss: 1.6558 Acc: 39.37% | Best: 39.59%
Epoch 36/40 | Train Loss: 1.6733 Acc: 38.86% | Test Loss: 1.6572 Acc: 39.51% | Best: 39.59%
Epoch 37/40 | Train Loss: 1.6743 Acc: 38.72% | Test Loss: 1.6517 Acc: 39.51% | Best: 39.59%
Epoch 38/40 | Train Loss: 1.6729 Acc: 38.92% | Test Loss: 1.6541 Acc: 39.67% | Best: 39.67%
Epoch 39/40 | Train Loss: 1.6708 Acc: 39.04% | Test Loss: 1.6513 Acc: 39.47% | Best: 39.67%
Epoch 40/40 | Train Loss: 1.6685 Acc: 39.06% | Test Loss: 1.6513 Acc: 39.65% | Best: 39.67%
--- Seed 2 ---
Calculating scores using fpgm (rho=0.5)...
Pruning threshold: 414.5779
Building new vgg16...
Epoch 1/40 | Train Loss: 2.0825 Acc: 20.45% | Test Loss: 1.9306 Acc: 23.78% | Best: 23.78%
Epoch 2/40 | Train Loss: 1.9303 Acc: 25.13% | Test Loss: 1.8704 Acc: 27.22% | Best: 27.22%
Epoch 3/40 | Train Loss: 1.8485 Acc: 28.98% | Test Loss: 1.7890 Acc: 31.00% | Best: 31.00%
Epoch 4/40 | Train Loss: 1.7996 Acc: 31.99% | Test Loss: 1.7219 Acc: 35.00% | Best: 35.00%
Epoch 5/40 | Train Loss: 1.7769 Acc: 33.30% | Test Loss: 1.7231 Acc: 35.58% | Best: 35.58%
Epoch 6/40 | Train Loss: 1.7583 Acc: 34.19% | Test Loss: 1.8157 Acc: 32.82% | Best: 35.58%
Epoch 7/40 | Train Loss: 1.7403 Acc: 35.07% | Test Loss: 1.7267 Acc: 35.48% | Best: 35.58%
Epoch 8/40 | Train Loss: 1.7358 Acc: 35.31% | Test Loss: 1.7060 Acc: 35.99% | Best: 35.99%
Epoch 9/40 | Train Loss: 1.7299 Acc: 35.48% | Test Loss: 1.6852 Acc: 37.07% | Best: 37.07%
Epoch 10/40 | Train Loss: 1.7115 Acc: 36.74% | Test Loss: 1.6539 Acc: 38.67% | Best: 38.67%
Epoch 11/40 | Train Loss: 1.7081 Acc: 36.52% | Test Loss: 1.7055 Acc: 37.47% | Best: 38.67%
Epoch 12/40 | Train Loss: 1.7020 Acc: 36.70% | Test Loss: 1.6478 Acc: 39.42% | Best: 39.42%
Epoch 13/40 | Train Loss: 1.6945 Acc: 37.26% | Test Loss: 1.7035 Acc: 37.36% | Best: 39.42%
Epoch 14/40 | Train Loss: 1.6904 Acc: 37.45% | Test Loss: 1.6410 Acc: 39.37% | Best: 39.42%
Epoch 15/40 | Train Loss: 1.6864 Acc: 37.50% | Test Loss: 1.6632 Acc: 37.99% | Best: 39.42%
Epoch 16/40 | Train Loss: 1.6868 Acc: 37.41% | Test Loss: 1.6668 Acc: 37.80% | Best: 39.42%
Epoch 17/40 | Train Loss: 1.6779 Acc: 38.06% | Test Loss: 1.6436 Acc: 40.66% | Best: 40.66%
Epoch 18/40 | Train Loss: 1.6754 Acc: 37.95% | Test Loss: 1.7234 Acc: 37.35% | Best: 40.66%
Epoch 19/40 | Train Loss: 1.6704 Acc: 38.28% | Test Loss: 1.6388 Acc: 39.78% | Best: 40.66%
Epoch 20/40 | Train Loss: 1.6686 Acc: 38.07% | Test Loss: 1.5988 Acc: 41.28% | Best: 41.28%
Epoch 21/40 | Train Loss: 1.6360 Acc: 39.93% | Test Loss: 1.5862 Acc: 42.04% | Best: 42.04%
Epoch 22/40 | Train Loss: 1.6247 Acc: 40.10% | Test Loss: 1.5807 Acc: 42.50% | Best: 42.50%
Epoch 23/40 | Train Loss: 1.6209 Acc: 40.48% | Test Loss: 1.5743 Acc: 42.53% | Best: 42.53%
Epoch 24/40 | Train Loss: 1.6175 Acc: 40.13% | Test Loss: 1.5679 Acc: 43.23% | Best: 43.23%
Epoch 25/40 | Train Loss: 1.6162 Acc: 40.85% | Test Loss: 1.5736 Acc: 43.00% | Best: 43.23%
Epoch 26/40 | Train Loss: 1.6140 Acc: 40.63% | Test Loss: 1.5740 Acc: 42.24% | Best: 43.23%
Epoch 27/40 | Train Loss: 1.6127 Acc: 40.45% | Test Loss: 1.5607 Acc: 43.46% | Best: 43.46%
Epoch 28/40 | Train Loss: 1.6160 Acc: 40.53% | Test Loss: 1.5647 Acc: 43.23% | Best: 43.46%
Epoch 29/40 | Train Loss: 1.6132 Acc: 40.23% | Test Loss: 1.5620 Acc: 43.53% | Best: 43.53%
Epoch 30/40 | Train Loss: 1.6063 Acc: 40.87% | Test Loss: 1.5642 Acc: 43.37% | Best: 43.53%
Epoch 31/40 | Train Loss: 1.6046 Acc: 41.11% | Test Loss: 1.5618 Acc: 43.36% | Best: 43.53%
Epoch 32/40 | Train Loss: 1.6060 Acc: 41.00% | Test Loss: 1.5626 Acc: 43.37% | Best: 43.53%
Epoch 33/40 | Train Loss: 1.6041 Acc: 41.04% | Test Loss: 1.5623 Acc: 43.48% | Best: 43.53%
Epoch 34/40 | Train Loss: 1.6069 Acc: 40.86% | Test Loss: 1.5639 Acc: 43.30% | Best: 43.53%
Epoch 35/40 | Train Loss: 1.6013 Acc: 41.26% | Test Loss: 1.5653 Acc: 43.21% | Best: 43.53%
Epoch 36/40 | Train Loss: 1.6036 Acc: 40.98% | Test Loss: 1.5612 Acc: 43.42% | Best: 43.53%
Epoch 37/40 | Train Loss: 1.6003 Acc: 41.10% | Test Loss: 1.5608 Acc: 43.41% | Best: 43.53%
Epoch 38/40 | Train Loss: 1.6007 Acc: 41.21% | Test Loss: 1.5600 Acc: 43.51% | Best: 43.53%
Epoch 39/40 | Train Loss: 1.6009 Acc: 41.29% | Test Loss: 1.5616 Acc: 43.44% | Best: 43.53%
Epoch 40/40 | Train Loss: 1.6020 Acc: 41.33% | Test Loss: 1.5597 Acc: 43.53% | Best: 43.53%
Final Result: 42.25 +/- 1.82
