Running Multi-Seed Experiment: gra on resnet20/cifar10 ratio=0.5 seeds=[0]
--- Seed 0 ---
Calculating scores using gra (rho=0.5)...
Pruning threshold: 0.7621
Building new resnet20...
Epoch 1/40 | Train Loss: 1.7080 Acc: 34.78% | Test Loss: 1.4031 Acc: 47.34% | Best: 47.34%
Epoch 2/40 | Train Loss: 1.3182 Acc: 51.44% | Test Loss: 1.3152 Acc: 52.37% | Best: 52.37%
Epoch 3/40 | Train Loss: 1.1210 Acc: 59.38% | Test Loss: 1.1490 Acc: 59.61% | Best: 59.61%
Epoch 4/40 | Train Loss: 1.0017 Acc: 63.88% | Test Loss: 1.0773 Acc: 62.07% | Best: 62.07%
Epoch 5/40 | Train Loss: 0.9208 Acc: 67.13% | Test Loss: 0.9052 Acc: 67.78% | Best: 67.78%
Epoch 6/40 | Train Loss: 0.8570 Acc: 69.32% | Test Loss: 0.8405 Acc: 70.08% | Best: 70.08%
Epoch 7/40 | Train Loss: 0.7988 Acc: 71.47% | Test Loss: 0.9039 Acc: 69.25% | Best: 70.08%
Epoch 8/40 | Train Loss: 0.7545 Acc: 73.37% | Test Loss: 0.8127 Acc: 71.68% | Best: 71.68%
Epoch 9/40 | Train Loss: 0.7048 Acc: 75.04% | Test Loss: 0.7636 Acc: 74.17% | Best: 74.17%
Epoch 10/40 | Train Loss: 0.6737 Acc: 76.43% | Test Loss: 0.7439 Acc: 74.87% | Best: 74.87%
Epoch 11/40 | Train Loss: 0.6440 Acc: 77.43% | Test Loss: 0.7101 Acc: 75.54% | Best: 75.54%
Epoch 12/40 | Train Loss: 0.6169 Acc: 78.38% | Test Loss: 0.7916 Acc: 72.97% | Best: 75.54%
Epoch 13/40 | Train Loss: 0.5948 Acc: 79.31% | Test Loss: 0.7217 Acc: 75.70% | Best: 75.70%
Epoch 14/40 | Train Loss: 0.5700 Acc: 80.17% | Test Loss: 0.6041 Acc: 79.24% | Best: 79.24%
Epoch 15/40 | Train Loss: 0.5530 Acc: 80.87% | Test Loss: 0.7181 Acc: 75.72% | Best: 79.24%
Epoch 16/40 | Train Loss: 0.5401 Acc: 81.25% | Test Loss: 0.6408 Acc: 78.69% | Best: 79.24%
Epoch 17/40 | Train Loss: 0.5232 Acc: 81.86% | Test Loss: 0.6149 Acc: 78.24% | Best: 79.24%
Epoch 18/40 | Train Loss: 0.5090 Acc: 82.47% | Test Loss: 0.6925 Acc: 77.52% | Best: 79.24%
Epoch 19/40 | Train Loss: 0.4987 Acc: 82.58% | Test Loss: 0.6445 Acc: 79.26% | Best: 79.26%
Epoch 20/40 | Train Loss: 0.4867 Acc: 83.00% | Test Loss: 0.6648 Acc: 78.17% | Best: 79.26%
Epoch 21/40 | Train Loss: 0.4150 Acc: 85.76% | Test Loss: 0.4608 Acc: 84.15% | Best: 84.15%
Epoch 22/40 | Train Loss: 0.3970 Acc: 86.32% | Test Loss: 0.4535 Acc: 84.50% | Best: 84.50%
Epoch 23/40 | Train Loss: 0.3931 Acc: 86.38% | Test Loss: 0.4524 Acc: 84.52% | Best: 84.52%
Epoch 24/40 | Train Loss: 0.3866 Acc: 86.69% | Test Loss: 0.4482 Acc: 84.46% | Best: 84.52%
Epoch 25/40 | Train Loss: 0.3784 Acc: 86.97% | Test Loss: 0.4489 Acc: 84.63% | Best: 84.63%
Epoch 26/40 | Train Loss: 0.3784 Acc: 86.97% | Test Loss: 0.4455 Acc: 84.56% | Best: 84.63%
Epoch 27/40 | Train Loss: 0.3767 Acc: 87.08% | Test Loss: 0.4397 Acc: 84.72% | Best: 84.72%
Epoch 28/40 | Train Loss: 0.3702 Acc: 87.24% | Test Loss: 0.4419 Acc: 84.96% | Best: 84.96%
Epoch 29/40 | Train Loss: 0.3712 Acc: 87.27% | Test Loss: 0.4426 Acc: 84.81% | Best: 84.96%
Epoch 30/40 | Train Loss: 0.3653 Acc: 87.38% | Test Loss: 0.4430 Acc: 84.73% | Best: 84.96%
Epoch 31/40 | Train Loss: 0.3604 Acc: 87.54% | Test Loss: 0.4398 Acc: 84.97% | Best: 84.97%
Epoch 32/40 | Train Loss: 0.3560 Acc: 87.51% | Test Loss: 0.4380 Acc: 84.75% | Best: 84.97%
Epoch 33/40 | Train Loss: 0.3583 Acc: 87.63% | Test Loss: 0.4365 Acc: 84.89% | Best: 84.97%
Epoch 34/40 | Train Loss: 0.3540 Acc: 87.80% | Test Loss: 0.4346 Acc: 85.09% | Best: 85.09%
Epoch 35/40 | Train Loss: 0.3555 Acc: 87.70% | Test Loss: 0.4347 Acc: 85.06% | Best: 85.09%
Epoch 36/40 | Train Loss: 0.3532 Acc: 87.84% | Test Loss: 0.4367 Acc: 85.07% | Best: 85.09%
Epoch 37/40 | Train Loss: 0.3531 Acc: 87.88% | Test Loss: 0.4379 Acc: 84.90% | Best: 85.09%
Epoch 38/40 | Train Loss: 0.3542 Acc: 87.72% | Test Loss: 0.4344 Acc: 85.04% | Best: 85.09%
Epoch 39/40 | Train Loss: 0.3526 Acc: 87.93% | Test Loss: 0.4346 Acc: 85.12% | Best: 85.12%
Epoch 40/40 | Train Loss: 0.3536 Acc: 87.76% | Test Loss: 0.4340 Acc: 85.18% | Best: 85.18%
Final Result: 85.18 +/- 0.00
